{"level":"info","message":"Magic happens on port 8080","timestamp":"2016-04-25T04:22:46.449Z"}
{"level":"info","message":"/artist/:artist_name","timestamp":"2016-04-25T04:23:14.534Z"}
{"level":"info","message":"fab","timestamp":"2016-04-25T04:23:14.535Z"}
{"level":"info","message":"/artist/:artist_name","timestamp":"2016-04-25T04:24:20.977Z"}
{"level":"info","message":"fab","timestamp":"2016-04-25T04:24:20.977Z"}
{"level":"info","message":"/artist/:artist_name","timestamp":"2016-04-25T04:24:38.583Z"}
{"level":"info","message":"fab","timestamp":"2016-04-25T04:24:38.583Z"}
{"level":"info","message":"/artist/:artist_name","timestamp":"2016-04-25T04:25:08.408Z"}
{"level":"info","message":"fab","timestamp":"2016-04-25T04:25:08.409Z"}
{"level":"info","message":"/artist/:artist_name","timestamp":"2016-04-25T04:25:16.722Z"}
{"level":"info","message":"fab","timestamp":"2016-04-25T04:25:16.722Z"}
{"level":"info","message":"/artist/:artist_name","timestamp":"2016-04-25T04:25:53.257Z"}
{"level":"info","message":"fab","timestamp":"2016-04-25T04:25:53.258Z"}
{"level":"info","message":"/artist/:artist_name","timestamp":"2016-04-25T04:25:56.316Z"}
{"level":"info","message":"fab","timestamp":"2016-04-25T04:25:56.316Z"}
{"level":"info","message":"/artist/:artist_name","timestamp":"2016-04-25T04:26:09.046Z"}
{"level":"info","message":"fab","timestamp":"2016-04-25T04:26:09.046Z"}
{"level":"info","message":"/artist/:artist_name","timestamp":"2016-04-25T04:26:41.431Z"}
{"level":"info","message":"fab","timestamp":"2016-04-25T04:26:41.431Z"}
{"level":"info","message":"/artist/:artist_name","timestamp":"2016-04-25T04:28:27.444Z"}
{"level":"info","message":"fab","timestamp":"2016-04-25T04:28:27.444Z"}
{"level":"info","message":"/artist/:artist_name","timestamp":"2016-04-25T04:28:35.953Z"}
{"level":"info","message":"fab","timestamp":"2016-04-25T04:28:35.953Z"}
{"level":"info","message":"/artist/:artist_name","timestamp":"2016-04-25T04:29:27.211Z"}
{"level":"info","message":"fab","timestamp":"2016-04-25T04:29:27.212Z"}
{"level":"info","message":"/artist/:artist_name","timestamp":"2016-04-25T04:30:24.294Z"}
{"level":"info","message":"fab","timestamp":"2016-04-25T04:30:24.294Z"}
{"level":"info","message":"/artist/:artist_name","timestamp":"2016-04-25T04:30:40.168Z"}
{"level":"info","message":"fab","timestamp":"2016-04-25T04:30:40.168Z"}
{"level":"info","message":"/artist/:artist_name","timestamp":"2016-04-25T04:31:49.911Z"}
{"level":"info","message":"fab","timestamp":"2016-04-25T04:31:49.918Z"}
{"level":"info","message":"/artist/:artist_name","timestamp":"2016-04-25T04:32:15.707Z"}
{"level":"info","message":"fab","timestamp":"2016-04-25T04:32:15.707Z"}
{"level":"info","message":"/artist/:artist_name","timestamp":"2016-04-25T04:37:42.239Z"}
{"level":"info","message":"fab","timestamp":"2016-04-25T04:37:42.239Z"}
{"level":"info","message":"/artist/:artist_name","timestamp":"2016-04-25T04:38:29.433Z"}
{"level":"info","message":"fab","timestamp":"2016-04-25T04:38:29.433Z"}
{"level":"info","message":"/artist/:artist_name","timestamp":"2016-04-25T04:43:53.802Z"}
{"level":"info","message":"fab","timestamp":"2016-04-25T04:43:53.802Z"}
{"level":"info","message":"/artist/:artist_name","timestamp":"2016-04-25T04:44:40.490Z"}
{"level":"info","message":"fab","timestamp":"2016-04-25T04:44:40.491Z"}
{"level":"info","message":"Session : dbfdf369aa7e6f5175f90fcdd028eb55 quitted","timestamp":"2016-04-25T04:46:27.910Z"}
{"level":"info","message":"Session : 0 quitted","timestamp":"2016-04-25T04:46:30.009Z"}
{"level":"info","message":"/artist/:artist_name","timestamp":"2016-04-25T04:56:05.869Z"}
{"level":"info","message":"2","timestamp":"2016-04-25T04:56:05.870Z"}
{"level":"info","message":"Magic happens on port 8080","timestamp":"2016-04-25T16:36:31.726Z"}
{"level":"info","message":"/artist/:artist_name","timestamp":"2016-04-25T16:38:49.027Z"}
{"level":"info","message":"fab","timestamp":"2016-04-25T16:38:49.028Z"}
{"level":"info","message":"/artist/:artist_name","timestamp":"2016-04-25T16:41:33.448Z"}
{"level":"info","message":"fab","timestamp":"2016-04-25T16:41:33.448Z"}
{"level":"info","message":"/artist/:artist_name","timestamp":"2016-04-25T16:47:16.889Z"}
{"level":"info","message":"fab","timestamp":"2016-04-25T16:47:16.889Z"}
{"level":"info","message":"/artist/:artist_name","timestamp":"2016-04-25T16:47:57.798Z"}
{"level":"info","message":"fab","timestamp":"2016-04-25T16:47:57.798Z"}
{"level":"info","message":"Session : dbfdf369aa7e6f5175f90fcdd028eb55 quitted","timestamp":"2016-04-25T16:52:00.489Z"}
{"level":"info","message":"Session : dbfdf369aa7e6f5175f90fcdd028eb55 quitted","timestamp":"2016-04-25T16:52:15.247Z"}
{"level":"info","message":"/artist/:artist_name","timestamp":"2016-04-25T16:53:33.261Z"}
{"level":"info","message":"fab","timestamp":"2016-04-25T16:53:33.261Z"}
{"level":"info","message":"/artist/:artist_name","timestamp":"2016-04-25T16:55:42.388Z"}
{"level":"info","message":"fab","timestamp":"2016-04-25T16:55:42.389Z"}
{"level":"info","message":"/artist/:artist_name","timestamp":"2016-04-25T16:56:39.467Z"}
{"level":"info","message":"fab","timestamp":"2016-04-25T16:56:39.467Z"}
{"level":"info","message":"/artist/:artist_name","timestamp":"2016-04-25T16:57:24.004Z"}
{"level":"info","message":"fab","timestamp":"2016-04-25T16:57:24.005Z"}
{"level":"info","message":"/artist/:artist_name","timestamp":"2016-04-25T16:58:32.012Z"}
{"level":"info","message":"fab","timestamp":"2016-04-25T16:58:32.012Z"}
{"level":"info","message":"/artist/:artist_name","timestamp":"2016-04-25T16:59:07.936Z"}
{"level":"info","message":"fab","timestamp":"2016-04-25T16:59:07.937Z"}
{"level":"info","message":"/artist/:artist_name","timestamp":"2016-04-25T16:59:50.975Z"}
{"level":"info","message":"fab","timestamp":"2016-04-25T16:59:50.976Z"}
{"level":"info","message":"/artist/:artist_name","timestamp":"2016-04-25T16:59:59.861Z"}
{"level":"info","message":"2","timestamp":"2016-04-25T16:59:59.862Z"}
{"level":"info","message":"/artist/:artist_name","timestamp":"2016-04-25T17:00:02.666Z"}
{"level":"info","message":"2","timestamp":"2016-04-25T17:00:02.667Z"}
{"level":"info","message":"/artist/:artist_name","timestamp":"2016-04-25T17:00:04.755Z"}
{"level":"info","message":"fab","timestamp":"2016-04-25T17:00:04.755Z"}
{"level":"info","message":"/artist/:artist_name","timestamp":"2016-04-25T17:01:43.329Z"}
{"level":"info","message":"fab","timestamp":"2016-04-25T17:01:43.329Z"}
{"level":"info","message":"/artist/:artist_name","timestamp":"2016-04-25T17:02:58.341Z"}
{"level":"info","message":"fab","timestamp":"2016-04-25T17:02:58.342Z"}
{"level":"info","message":"/artist/:artist_name","timestamp":"2016-04-25T17:15:48.325Z"}
{"level":"info","message":"fab","timestamp":"2016-04-25T17:15:48.325Z"}
{"level":"info","message":"/artist/:artist_name","timestamp":"2016-04-25T17:16:21.624Z"}
{"level":"info","message":"fab","timestamp":"2016-04-25T17:16:21.625Z"}
{"level":"info","message":"Magic happens on port 8080","timestamp":"2016-04-25T18:00:55.831Z"}
{"level":"info","message":"Magic happens on port 8080","timestamp":"2016-04-25T18:12:41.574Z"}
{"level":"info","message":"/artist/:artist_name","timestamp":"2016-04-25T18:13:34.311Z"}
{"level":"info","message":"fab","timestamp":"2016-04-25T18:13:34.311Z"}
{"level":"info","message":"/artist/:artist_name","timestamp":"2016-04-25T18:15:17.176Z"}
{"level":"info","message":"fab","timestamp":"2016-04-25T18:15:17.177Z"}
{"level":"info","message":"Magic happens on port 8080","timestamp":"2016-04-25T18:19:27.708Z"}
{"level":"info","message":"/artist/:artist_name","timestamp":"2016-04-25T18:19:30.332Z"}
{"level":"info","message":"fab","timestamp":"2016-04-25T18:19:30.335Z"}
{"level":"info","message":"/artist/:artist_name","timestamp":"2016-04-25T18:21:59.891Z"}
{"level":"info","message":"fab","timestamp":"2016-04-25T18:21:59.892Z"}
{"level":"info","message":"/artist/:artist_name","timestamp":"2016-04-25T18:22:46.524Z"}
{"level":"info","message":"fab","timestamp":"2016-04-25T18:22:46.525Z"}
{"level":"info","message":"/artist/:artist_name","timestamp":"2016-04-25T18:25:28.798Z"}
{"level":"info","message":"fab","timestamp":"2016-04-25T18:25:28.798Z"}
{"level":"info","message":"/artist/:artist_name","timestamp":"2016-04-25T18:26:04.239Z"}
{"level":"info","message":"fab","timestamp":"2016-04-25T18:26:04.240Z"}
{"level":"info","message":"/artist/:artist_name","timestamp":"2016-04-25T18:26:53.708Z"}
{"level":"info","message":"fab","timestamp":"2016-04-25T18:26:53.708Z"}
{"level":"info","message":"/artist/:artist_name","timestamp":"2016-04-25T18:38:17.217Z"}
{"level":"info","message":"fab","timestamp":"2016-04-25T18:38:17.217Z"}
{"level":"info","message":"/artist/:artist_name","timestamp":"2016-04-25T18:39:27.996Z"}
{"level":"info","message":"fab","timestamp":"2016-04-25T18:39:27.997Z"}
{"level":"info","message":"/artist/:artist_name","timestamp":"2016-04-25T18:39:47.057Z"}
{"level":"info","message":"fab","timestamp":"2016-04-25T18:39:47.057Z"}
{"level":"info","message":"/artist/:artist_name","timestamp":"2016-04-25T18:40:17.095Z"}
{"level":"info","message":"fab","timestamp":"2016-04-25T18:40:17.096Z"}
{"level":"info","message":"/artist/:artist_name","timestamp":"2016-04-25T18:40:46.968Z"}
{"level":"info","message":"fab","timestamp":"2016-04-25T18:40:46.968Z"}
{"level":"info","message":"/artist/:artist_name","timestamp":"2016-04-25T18:41:01.703Z"}
{"level":"info","message":"fab","timestamp":"2016-04-25T18:41:01.704Z"}
{"level":"info","message":"/artist/:artist_name","timestamp":"2016-04-25T18:41:35.835Z"}
{"level":"info","message":"fab","timestamp":"2016-04-25T18:41:35.835Z"}
{"level":"info","message":"Magic happens on port 8080","timestamp":"2016-04-25T18:50:47.333Z"}
{"level":"info","message":"/artist/:artist_name","timestamp":"2016-04-25T18:50:52.235Z"}
{"level":"info","message":"fab","timestamp":"2016-04-25T18:50:52.235Z"}
{"level":"info","message":"Magic happens on port 8080","timestamp":"2016-04-25T19:02:11.928Z"}
{"level":"info","message":"/artist/:artist_name","timestamp":"2016-04-25T19:02:15.277Z"}
{"level":"info","message":"fab","timestamp":"2016-04-25T19:02:15.278Z"}
{"level":"info","message":"/artist/:artist_name","timestamp":"2016-04-25T19:02:50.936Z"}
{"level":"info","message":"fab","timestamp":"2016-04-25T19:02:50.936Z"}
{"level":"info","message":"/artist/:artist_name","timestamp":"2016-04-25T19:03:50.327Z"}
{"level":"info","message":"fab","timestamp":"2016-04-25T19:03:50.327Z"}
{"level":"info","message":"/artist/:artist_name","timestamp":"2016-04-25T19:04:46.879Z"}
{"level":"info","message":"fab","timestamp":"2016-04-25T19:04:46.879Z"}
{"level":"info","message":"/artist/:artist_name","timestamp":"2016-04-25T19:05:46.304Z"}
{"level":"info","message":"fab","timestamp":"2016-04-25T19:05:46.305Z"}
{"level":"info","message":"/artist/:artist_name","timestamp":"2016-04-25T19:10:01.659Z"}
{"level":"info","message":"fab","timestamp":"2016-04-25T19:10:01.660Z"}
