{"level":"info","message":"Magic happens on port 8080","timestamp":"2016-04-24T07:09:18.670Z"}
{"level":"info","message":"Magic happens on port 8080","timestamp":"2016-04-24T07:12:25.698Z"}
{"level":"info","message":"Magic happens on port 8080","timestamp":"2016-04-24T07:30:35.128Z"}
{"level":"info","message":"Magic happens on port 8080","timestamp":"2016-04-24T07:40:43.285Z"}
{"level":"info","message":"Magic happens on port 8080","timestamp":"2016-04-24T07:41:08.578Z"}
{"level":"info","message":"/artist/:artist_name","timestamp":"2016-04-24T07:41:14.212Z"}
{"level":"info","message":"undefined","timestamp":"2016-04-24T07:41:14.214Z"}
{"level":"info","message":"Magic happens on port 8080","timestamp":"2016-04-24T07:44:49.239Z"}
{"level":"info","message":"/artist/:artist_name","timestamp":"2016-04-24T07:44:52.397Z"}
{"level":"info","message":"fab","timestamp":"2016-04-24T07:44:52.398Z"}
{"level":"info","message":"/artist/:artist_name","timestamp":"2016-04-24T07:45:08.091Z"}
{"level":"info","message":"fab","timestamp":"2016-04-24T07:45:08.092Z"}
{"level":"info","message":"/artist/:artist_name","timestamp":"2016-04-24T08:45:22.021Z"}
{"level":"info","message":"fab","timestamp":"2016-04-24T08:45:22.021Z"}
{"level":"info","message":"/artist/:artist_name","timestamp":"2016-04-24T08:45:32.890Z"}
{"level":"info","message":"fab","timestamp":"2016-04-24T08:45:32.891Z"}
{"level":"info","message":"/artist/:artist_name","timestamp":"2016-04-24T08:57:03.402Z"}
{"level":"info","message":"2","timestamp":"2016-04-24T08:57:03.405Z"}
{"level":"info","message":"/artist/:artist_name","timestamp":"2016-04-24T08:59:14.909Z"}
{"level":"info","message":"fab","timestamp":"2016-04-24T08:59:14.912Z"}
{"level":"info","message":"/artist/:artist_name","timestamp":"2016-04-24T09:02:47.602Z"}
{"level":"info","message":"fab","timestamp":"2016-04-24T09:02:47.603Z"}
{"level":"info","message":"/artist/:artist_name","timestamp":"2016-04-24T09:03:04.582Z"}
{"level":"info","message":"fab","timestamp":"2016-04-24T09:03:04.582Z"}
{"level":"info","message":"/artist/:artist_name","timestamp":"2016-04-24T09:08:42.221Z"}
{"level":"info","message":"fab","timestamp":"2016-04-24T09:08:42.222Z"}
{"level":"info","message":"/artist/:artist_name","timestamp":"2016-04-24T09:10:53.586Z"}
{"level":"info","message":"fab","timestamp":"2016-04-24T09:10:53.586Z"}
{"level":"info","message":"/artist/:artist_name","timestamp":"2016-04-24T09:12:07.959Z"}
{"level":"info","message":"fab","timestamp":"2016-04-24T09:12:07.960Z"}
{"level":"info","message":"/artist/:artist_name","timestamp":"2016-04-24T09:12:49.856Z"}
{"level":"info","message":"fab","timestamp":"2016-04-24T09:12:49.856Z"}
{"level":"info","message":"/artist/:artist_name","timestamp":"2016-04-24T09:17:13.622Z"}
{"level":"info","message":"2","timestamp":"2016-04-24T09:17:13.622Z"}
{"level":"info","message":"/artist/:artist_name","timestamp":"2016-04-24T09:17:17.558Z"}
{"level":"info","message":"fab","timestamp":"2016-04-24T09:17:17.558Z"}
{"level":"info","message":"/artist/:artist_name","timestamp":"2016-04-24T09:17:47.304Z"}
{"level":"info","message":"fab","timestamp":"2016-04-24T09:17:47.305Z"}
{"level":"info","message":"/artist/:artist_name","timestamp":"2016-04-24T09:18:53.284Z"}
{"level":"info","message":"fab","timestamp":"2016-04-24T09:18:53.285Z"}
{"level":"info","message":"/artist/:artist_name","timestamp":"2016-04-24T09:18:56.174Z"}
{"level":"info","message":"fab","timestamp":"2016-04-24T09:18:56.174Z"}
{"level":"info","message":"/artist/:artist_name","timestamp":"2016-04-24T10:17:11.727Z"}
{"level":"info","message":"fab","timestamp":"2016-04-24T10:17:11.728Z"}
{"level":"info","message":"Magic happens on port 8080","timestamp":"2016-04-24T10:55:46.996Z"}
{"level":"info","message":"/artist/:artist_name","timestamp":"2016-04-24T10:56:43.638Z"}
{"level":"info","message":"fab","timestamp":"2016-04-24T10:56:43.639Z"}
{"level":"info","message":"Magic happens on port 8080","timestamp":"2016-04-24T10:58:17.864Z"}
{"level":"info","message":"Session : dbfdf369aa7e6f5175f90fcdd028eb55 quitted","timestamp":"2016-04-24T10:58:36.308Z"}
{"level":"info","message":"Session : 0 quitted","timestamp":"2016-04-24T11:03:55.224Z"}
{"level":"info","message":"Session : dbfdf369aa7e6f5175f90fcdd028eb55 quitted","timestamp":"2016-04-24T11:04:47.392Z"}
{"level":"info","message":"Session : 0 quitted","timestamp":"2016-04-24T11:06:05.557Z"}
{"level":"info","message":"Session : 0 quitted","timestamp":"2016-04-24T11:06:13.037Z"}
{"level":"info","message":"Session : dbfdf369aa7e6f5175f90fcdd028eb55 quitted","timestamp":"2016-04-24T11:11:35.189Z"}
{"level":"info","message":"Session : dbfdf369aa7e6f5175f90fcdd028eb55 quitted","timestamp":"2016-04-24T11:12:07.420Z"}
{"level":"info","message":"Magic happens on port 8080","timestamp":"2016-04-24T18:30:26.163Z"}
{"level":"info","message":"Magic happens on port 8080","timestamp":"2016-04-24T18:52:14.166Z"}
{"level":"info","message":"/artist/:artist_name","timestamp":"2016-04-24T18:52:20.212Z"}
{"level":"info","message":"fab","timestamp":"2016-04-24T18:52:20.212Z"}
{"level":"info","message":"Session : dbfdf369aa7e6f5175f90fcdd028eb55 quitted","timestamp":"2016-04-24T20:06:40.002Z"}
{"level":"info","message":"/artist/:artist_name","timestamp":"2016-04-24T20:08:13.865Z"}
{"level":"info","message":"fab","timestamp":"2016-04-24T20:08:13.865Z"}
