{"level":"info","message":"Magic happens on port 8080","timestamp":"2016-04-27T04:23:52.375Z"}
{"level":"info","message":"Magic happens on port 8080","timestamp":"2016-04-27T04:27:59.081Z"}
{"level":"info","message":"Magic happens on port 8080","timestamp":"2016-04-27T04:30:36.064Z"}
{"level":"info","message":"Magic happens on port 8080","timestamp":"2016-04-27T04:31:28.872Z"}
{"level":"info","message":"Magic happens on port 8080","timestamp":"2016-04-27T04:37:25.149Z"}
{"level":"info","message":"Magic happens on port 8080","timestamp":"2016-04-27T04:38:37.190Z"}
{"level":"info","message":"/artist/:artist_name","timestamp":"2016-04-27T04:39:05.331Z"}
{"level":"info","message":"fab","timestamp":"2016-04-27T04:39:05.332Z"}
{"level":"info","message":"/artist/:artist_name","timestamp":"2016-04-27T04:41:02.473Z"}
{"level":"info","message":"makris","timestamp":"2016-04-27T04:41:02.473Z"}
{"level":"info","message":"/artist/:artist_name","timestamp":"2016-04-27T05:02:41.877Z"}
{"level":"info","message":"makris","timestamp":"2016-04-27T05:02:41.877Z"}
{"level":"info","message":"Magic happens on port 8080","timestamp":"2016-04-27T05:02:50.101Z"}
{"level":"info","message":"/artist/:artist_name","timestamp":"2016-04-27T05:02:52.032Z"}
{"level":"info","message":"makris","timestamp":"2016-04-27T05:02:52.033Z"}
{"level":"info","message":"Magic happens on port 8080","timestamp":"2016-04-27T05:03:34.598Z"}
{"level":"info","message":"Magic happens on port 8080","timestamp":"2016-04-27T05:04:08.129Z"}
{"level":"info","message":"/artist/:artist_name","timestamp":"2016-04-27T05:04:11.573Z"}
{"level":"info","message":"makris","timestamp":"2016-04-27T05:04:11.574Z"}
{"level":"info","message":"/artist/:artist_name","timestamp":"2016-04-27T05:05:24.579Z"}
{"level":"info","message":"fab","timestamp":"2016-04-27T05:05:24.580Z"}
{"level":"info","message":"Magic happens on port 8080","timestamp":"2016-04-27T05:06:17.149Z"}
{"level":"info","message":"571b287ebbefc87206c8904c","timestamp":"2016-04-27T05:06:25.693Z"}
{"level":"info","message":"Magic happens on port 8080","timestamp":"2016-04-27T05:08:42.896Z"}
{"level":"info","message":"/artist/:artist_name","timestamp":"2016-04-27T05:08:50.594Z"}
{"level":"info","message":"makris","timestamp":"2016-04-27T05:08:50.595Z"}
{"level":"info","message":"571b287ebbefc87206c8904c","timestamp":"2016-04-27T05:08:54.392Z"}
{"level":"info","message":"/artist/:artist_name","timestamp":"2016-04-27T05:09:05.742Z"}
{"level":"info","message":"fab","timestamp":"2016-04-27T05:09:05.743Z"}
{"level":"info","message":"Magic happens on port 8080","timestamp":"2016-04-27T05:13:57.240Z"}
{"level":"info","message":"Session : bc384b65d9d97d4e4a96d7dc42201369 quitted","timestamp":"2016-04-27T05:14:10.878Z"}
{"level":"info","message":"/artist/:artist_name","timestamp":"2016-04-27T05:14:21.218Z"}
{"level":"info","message":"makris","timestamp":"2016-04-27T05:14:21.218Z"}
{"level":"info","message":"571b287ebbefc87206c8904c","timestamp":"2016-04-27T05:14:27.875Z"}
{"level":"info","message":"/artist/:artist_name","timestamp":"2016-04-27T05:16:17.756Z"}
{"level":"info","message":"makris","timestamp":"2016-04-27T05:16:17.756Z"}
{"level":"info","message":"/artist/:artist_name","timestamp":"2016-04-27T05:16:36.966Z"}
{"level":"info","message":"makris","timestamp":"2016-04-27T05:16:36.967Z"}
{"level":"info","message":"/artist/:artist_name","timestamp":"2016-04-27T05:16:53.403Z"}
{"level":"info","message":"makris","timestamp":"2016-04-27T05:16:53.403Z"}
