{"level":"info","message":"Magic happens on port 8080","timestamp":"2016-05-02T11:08:26.175Z"}
{"level":"info","message":"Magic happens on port 8080","timestamp":"2016-05-02T11:12:26.342Z"}
{"level":"info","message":"Magic happens on port 8080","timestamp":"2016-05-02T11:15:40.368Z"}
{"level":"info","message":"Magic happens on port 8080","timestamp":"2016-05-02T11:16:27.174Z"}
{"level":"info","message":"Magic happens on port 8080","timestamp":"2016-05-02T11:16:40.866Z"}
{"level":"info","message":"Magic happens on port 8080","timestamp":"2016-05-02T11:30:23.318Z"}
{"level":"info","message":"Magic happens on port 8080","timestamp":"2016-05-02T15:12:56.923Z"}
{"level":"info","message":"Magic happens on port 8080","timestamp":"2016-05-02T15:15:34.612Z"}
{"level":"info","message":"Magic happens on port 8080","timestamp":"2016-05-02T15:17:17.247Z"}
{"level":"info","message":"Magic happens on port 8080","timestamp":"2016-05-02T15:18:05.900Z"}
{"message":"Artist validation failed","stack":"ValidationError: Artist validation failed\n    at MongooseError.ValidationError (/Users/fabian/dev/makris/server/node_modules/mongoose/lib/error/validation.js:22:11)\n    at model.Document.invalidate (/Users/fabian/dev/makris/server/node_modules/mongoose/lib/document.js:1347:32)\n    at model.Document.set (/Users/fabian/dev/makris/server/node_modules/mongoose/lib/document.js:690:10)\n    at model.Object.defineProperty.set [as password] (/Users/fabian/dev/makris/server/node_modules/mongoose/lib/document.js:1649:25)\n    at /Users/fabian/dev/makris/server/app/routes/artist.js:16:29\n    at Layer.handle [as handle_request] (/Users/fabian/dev/makris/server/node_modules/express/lib/router/layer.js:95:5)\n    at next (/Users/fabian/dev/makris/server/node_modules/express/lib/router/route.js:131:13)\n    at Route.dispatch (/Users/fabian/dev/makris/server/node_modules/express/lib/router/route.js:112:3)\n    at Layer.handle [as handle_request] (/Users/fabian/dev/makris/server/node_modules/express/lib/router/layer.js:95:5)\n    at /Users/fabian/dev/makris/server/node_modules/express/lib/router/index.js:277:22\n    at Function.process_params (/Users/fabian/dev/makris/server/node_modules/express/lib/router/index.js:330:12)\n    at next (/Users/fabian/dev/makris/server/node_modules/express/lib/router/index.js:271:10)\n    at Function.handle (/Users/fabian/dev/makris/server/node_modules/express/lib/router/index.js:176:3)\n    at router (/Users/fabian/dev/makris/server/node_modules/express/lib/router/index.js:46:12)\n    at Layer.handle [as handle_request] (/Users/fabian/dev/makris/server/node_modules/express/lib/router/layer.js:95:5)\n    at trim_prefix (/Users/fabian/dev/makris/server/node_modules/express/lib/router/index.js:312:13)","name":"ValidationError","errors":{"password":{"message":"Cast to String failed for value \"[object Object]\" at path \"password\"","name":"CastError","kind":"String","value":{"words":[1553093890,-511342077,-1629032011,-1024908171],"sigBytes":16},"path":"password"}},"level":"error","timestamp":"2016-05-02T15:18:18.413Z"}
{"level":"info","message":"Magic happens on port 8080","timestamp":"2016-05-02T15:27:22.261Z"}
{"level":"info","message":"Magic happens on port 8080","timestamp":"2016-05-02T15:29:03.219Z"}
{"level":"info","message":"Session : 91ea4ad35b0ef3d7efe2e64421443034 quitted","timestamp":"2016-05-02T15:30:56.814Z"}
{"level":"info","message":"Magic happens on port 8080","timestamp":"2016-05-02T15:39:02.252Z"}
{"level":"info","message":"Session : 0041dd90c4fd38236ff5d79d4cc07249 quitted","timestamp":"2016-05-02T15:39:11.276Z"}
{"level":"info","message":"Session : 9b24b53e6e0233193eb61a87672dd985 quitted","timestamp":"2016-05-02T15:39:37.365Z"}
{"level":"info","message":"Magic happens on port 8080","timestamp":"2016-05-02T15:40:06.189Z"}
{"level":"info","message":"Magic happens on port 8080","timestamp":"2016-05-02T15:41:25.732Z"}
{"level":"info","message":"Session : 9b24b53e6e0233193eb61a87672dd985 quitted","timestamp":"2016-05-02T15:53:39.845Z"}
{"level":"info","message":"Magic happens on port 8080","timestamp":"2016-05-02T16:25:22.084Z"}
{"level":"info","message":"Magic happens on port 8080","timestamp":"2016-05-02T16:27:15.982Z"}
{"level":"info","message":"Magic happens on port 8080","timestamp":"2016-05-02T16:33:52.226Z"}
{"level":"info","message":"Magic happens on port 8080","timestamp":"2016-05-02T16:40:51.971Z"}
{"level":"info","message":"Session : 9b24b53e6e0233193eb61a87672dd985 quitted","timestamp":"2016-05-02T18:00:13.647Z"}
{"level":"info","message":"/artist/:artist_name","timestamp":"2016-05-02T18:03:21.769Z"}
{"level":"info","message":"572774afbed83dd854e4aba4","timestamp":"2016-05-02T18:03:21.769Z"}
{"level":"info","message":"/artist/:artist_name","timestamp":"2016-05-02T18:04:28.712Z"}
{"level":"info","message":"572774afbed83dd854e4aba4","timestamp":"2016-05-02T18:04:28.712Z"}
{"level":"info","message":"Magic happens on port 8080","timestamp":"2016-05-02T18:04:48.510Z"}
{"level":"info","message":"/artist/:uid","timestamp":"2016-05-02T18:04:51.976Z"}
{"level":"info","message":"572774afbed83dd854e4aba4","timestamp":"2016-05-02T18:04:51.977Z"}
{"level":"info","message":"/artist/:uid","timestamp":"2016-05-02T18:06:07.042Z"}
{"level":"info","message":"572774afbed83dd854e4aba4","timestamp":"2016-05-02T18:06:07.042Z"}
{"level":"info","message":"/artist/:uid","timestamp":"2016-05-02T18:06:17.589Z"}
{"level":"info","message":"572774afbed83dd854e4aba4","timestamp":"2016-05-02T18:06:17.589Z"}
{"level":"info","message":"/artist/:uid","timestamp":"2016-05-02T18:10:52.077Z"}
{"level":"info","message":"572774afbed83dd854e4aba4","timestamp":"2016-05-02T18:10:52.077Z"}
{"level":"info","message":"/artist/:uid","timestamp":"2016-05-02T18:11:35.713Z"}
{"level":"info","message":"572774afbed83dd854e4aba4","timestamp":"2016-05-02T18:11:35.713Z"}
{"level":"info","message":"/artist/:uid","timestamp":"2016-05-02T18:12:43.631Z"}
{"level":"info","message":"572774afbed83dd854e4aba4","timestamp":"2016-05-02T18:12:43.632Z"}
{"level":"info","message":"Session : 9b24b53e6e0233193eb61a87672dd985 quitted","timestamp":"2016-05-02T18:12:45.684Z"}
{"code":11000,"index":0,"errmsg":"E11000 duplicate key error collection: makris.artists index: artist_name_1 dup key: { : null }","op":{"password":"81dc9bdb52d04dc20036dbd8313ed055","artist_type":"HA","email":"makris.kunst@gmail.com","last_name":"Kunst","first_name":"Makris","_id":"572798ba923379236e3426cf","skills":[],"delivery":{"to":[]},"following":[],"approved":false,"admin":false,"confirmed":false,"active":true,"created":"2016-05-02T18:13:14.686Z","__v":0}}
{"level":"info","message":"Magic happens on port 8080","timestamp":"2016-05-02T18:15:21.380Z"}
{"code":11000,"index":0,"errmsg":"E11000 duplicate key error collection: makris.artists index: artist_name_1 dup key: { : null }","op":{"password":"81dc9bdb52d04dc20036dbd8313ed055","artist_type":"HA","email":"makris.kunst@gmail.com","last_name":"Kunst","first_name":"Makris","_id":"5727993f9924ba9c70e0f38a","skills":[],"delivery":{"to":[]},"following":[],"approved":false,"admin":false,"confirmed":false,"active":true,"created":"2016-05-02T18:15:27.558Z","__v":0}}
{"level":"info","message":"/artist/:uid","timestamp":"2016-05-02T18:16:55.503Z"}
{"level":"info","message":"572799979924ba9c70e0f38e","timestamp":"2016-05-02T18:16:55.506Z"}
{"level":"info","message":"/artist/:uid","timestamp":"2016-05-02T18:17:27.633Z"}
{"level":"info","message":"572799979924ba9c70e0f38e","timestamp":"2016-05-02T18:17:27.633Z"}
{"level":"info","message":"/artist/:uid","timestamp":"2016-05-02T18:19:50.507Z"}
{"level":"info","message":"572799979924ba9c70e0f38e","timestamp":"2016-05-02T18:19:50.507Z"}
{"level":"info","message":"Session : 4d3606ec13d0f721c5e230cb238a1691 quitted","timestamp":"2016-05-02T18:19:56.860Z"}
{"level":"info","message":"Magic happens on port 8080","timestamp":"2016-05-02T18:21:17.775Z"}
{"level":"info","message":"Session : 4d3606ec13d0f721c5e230cb238a1691 quitted","timestamp":"2016-05-02T18:21:30.439Z"}
{"code":11000,"index":0,"errmsg":"E11000 duplicate key error collection: makris.artists index: artist_name_1 dup key: { : null }","op":{"password":"81dc9bdb52d04dc20036dbd8313ed055","artist_type":"HA","email":"fabian@schaper.li","last_name":"Schaper","first_name":"Fabian","_id":"57279aba370fbf047233059c","skills":[],"delivery":{"to":[]},"following":[],"approved":false,"admin":false,"confirmed":false,"active":true,"created":"2016-05-02T18:21:46.568Z","__v":0}}
{"level":"info","message":"Magic happens on port 8080","timestamp":"2016-05-02T18:24:32.175Z"}
{"code":11000,"index":0,"errmsg":"E11000 duplicate key error collection: makris.artists index: following.artist_1 dup key: { : null }","op":{"password":"81dc9bdb52d04dc20036dbd8313ed055","artist_type":"HA","email":"fabian@schaper.li","last_name":"Schaper","first_name":"Fabian","_id":"57279b66cedb98d0729d1978","skills":[],"delivery":{"to":[]},"following":[],"approved":false,"admin":false,"confirmed":false,"active":true,"created":"2016-05-02T18:24:38.017Z","__v":0}}
{"level":"info","message":"/artist/:uid","timestamp":"2016-05-02T18:25:57.228Z"}
{"level":"info","message":"57279bb5cedb98d0729d197c","timestamp":"2016-05-02T18:25:57.229Z"}
{"level":"info","message":"Session : 33d512e132c672c4d78d5065dca1529e quitted","timestamp":"2016-05-02T18:26:22.436Z"}
{"level":"info","message":"/artist/:uid","timestamp":"2016-05-02T18:26:38.085Z"}
{"level":"info","message":"57279bb5cedb98d0729d197c","timestamp":"2016-05-02T18:26:38.085Z"}
{"level":"info","message":"Session : 33d512e132c672c4d78d5065dca1529e quitted","timestamp":"2016-05-02T18:27:27.790Z"}
{"level":"info","message":"/artist/:uid","timestamp":"2016-05-02T18:27:45.959Z"}
{"level":"info","message":"57279c21cedb98d0729d1984","timestamp":"2016-05-02T18:27:45.959Z"}
{"level":"info","message":"Session : eecd693fd11c288b279bc33c93923dbd quitted","timestamp":"2016-05-02T18:28:06.515Z"}
{"level":"info","message":"Magic happens on port 8080","timestamp":"2016-05-02T18:28:48.642Z"}
{"level":"info","message":"/artist/:uid","timestamp":"2016-05-02T18:29:34.035Z"}
{"level":"info","message":"57279bb5cedb98d0729d197c","timestamp":"2016-05-02T18:29:34.036Z"}
